# Changelog

# Changelog

## []

### Added
- added "dcd_suck_3GL"

### Changed
- MX now using 3GL


## [v0.1.00]

### Added
- added gitignore
- added overview picture
- added ubgl item icons
- added base script structure
- added license
- added script logic for base functionality
- added global init
- added client init
- added onLoadoutChanged Eventhandler
- added logic to find parent weapon
- added switchback weapon for weapon+items classes

## [v0.0.01] 

### Added
- added base mod structure
- added mod icon png
- init readme
- init changelog